<?xml version="1.0" encoding="UTF-8"?>
<!-- Generated by org.testng.reporters.JUnitXMLReporter -->
<testsuite ignored="0" hostname="DESKTOP-OVNCBGS" failures="1" tests="3" name="ListnerTest Tag" time="0.135" errors="0" timestamp="2022-04-07T14:09:51 IST">
  <testcase classname="testnglistners.TestNGListner" name="testCase1" time="0.018">
    <failure type="java.lang.AssertionError" message="expected [true] but found [false]">
      <![CDATA[java.lang.AssertionError: expected [true] but found [false]
at testnglistners.TestNGListner.testCase1(TestNGListner.java:19)
at java.base/java.util.ArrayList.forEach(ArrayList.java:1511)
... Removed 31 stack frames]]>
    </failure>
  </testcase> <!-- testCase1 -->
  <testcase classname="testnglistners.TestNGListner" name="testCase2" time="0.003"/>
  <testcase classname="testnglistners.TestNGListner" name="testCase3" time="0.0">
    <skipped/>
  </testcase> <!-- testCase3 -->
</testsuite> <!-- ListnerTest Tag -->
