<?xml version="1.0" encoding="UTF-8"?>
<!-- Generated by org.testng.reporters.JUnitXMLReporter -->
<testsuite ignored="0" hostname="DESKTOP-OVNCBGS" failures="0" tests="5" name="Sqquence Test" time="0.131" errors="0" timestamp="2022-04-10T22:26:56 IST">
  <testcase classname="multipleclassexecution.login" name="loginWithCorrectCred" time="0.022"/>
  <testcase classname="multipleclassexecution.login" name="urlLogin" time="0.005"/>
  <testcase classname="multipleclassexecution.DashBoard" name="checkBox" time="0.002"/>
  <testcase classname="multipleclassexecution.DashBoard" name="handlingPopUp" time="0.003"/>
  <testcase classname="multipleclassexecution.Profile" name="logout" time="0.002"/>
</testsuite> <!-- Sqquence Test -->
