<?xml version="1.0" encoding="UTF-8"?>
<!-- Generated by org.testng.reporters.JUnitXMLReporter -->
<testsuite ignored="0" hostname="DESKTOP-OVNCBGS" failures="1" tests="6" name="Test" time="0.178" errors="0" timestamp="2022-05-20T00:04:52 IST">
  <testcase classname="testngdiscus.DependsOnMethod" name="profile" time="0.02"/>
  <testcase classname="testngdiscus.DependsOnMethod" name="login" time="0.009">
    <failure type="java.lang.NullPointerException">
      <![CDATA[java.lang.NullPointerException
at testngdiscus.DependsOnMethod.login(DependsOnMethod.java:11)
at java.base/java.util.ArrayList.forEach(ArrayList.java:1511)
... Removed 27 stack frames]]>
    </failure>
  </testcase> <!-- login -->
  <testcase classname="testngdiscus.DependsOnMethod" name="dashBoard" time="0.002"/>
  <testcase classname="testngdiscus.DependsOnMethod" name="logout" time="0.003"/>
  <testcase classname="testngdiscus.DependsOnMethod2" name="mySelf" time="0.001"/>
  <testcase classname="testngdiscus.DependsOnMethod2" name="chechBox" time="0.003"/>
</testsuite> <!-- Test -->
