<?xml version="1.0" encoding="UTF-8"?>
<!-- Generated by org.testng.reporters.JUnitXMLReporter -->
<testsuite ignored="1" hostname="DESKTOP-OVNCBGS" failures="0" tests="3" name="Test" time="16.484" errors="0" timestamp="2022-06-08T15:02:05 IST">
  <testcase classname="testclasses.HomeTest" name="selectInsuranceType" time="5.753"/>
  <testcase classname="testclasses.GetQuoteTest" name="titleValidation" time="0.017"/>
  <testcase classname="testclasses.GetQuoteTest" name="submit" time="10.474"/>
  <testcase classname="testclasses.BaseTest" name="@BeforeSuite initDriver" time="0.0">
    <ignored/>
  </testcase> <!-- @BeforeSuite initDriver -->
</testsuite> <!-- Test -->
