<?xml version="1.0" encoding="UTF-8"?>
<!-- Generated by org.testng.reporters.JUnitXMLReporter -->
<testsuite ignored="0" hostname="DESKTOP-OVNCBGS" failures="2" tests="2" name="Test(failed)" time="2.598" errors="0" timestamp="2022-06-08T15:13:16 IST">
  <testcase classname="testclasses.onlinePlanVerificationTest" name="buyOnlinePlan" time="2.223">
    <failure type="java.lang.NullPointerException" message="Cannot invoke &amp;quot;pages.BuyOnlinePlan.selectPlan()&amp;quot; because &amp;quot;this.buyonline&amp;quot; is null">
      <![CDATA[java.lang.NullPointerException: Cannot invoke "pages.BuyOnlinePlan.selectPlan()" because "this.buyonline" is null
at testclasses.onlinePlanVerificationTest.buyOnlinePlan(onlinePlanVerificationTest.java:13)
at java.base/java.util.ArrayList.forEach(ArrayList.java:1511)
... Removed 27 stack frames]]>
    </failure>
  </testcase> <!-- buyOnlinePlan -->
  <testcase classname="testclasses.onlinePlanVerificationTest" name="verifyUrl" time="0.002">
    <failure type="java.lang.NullPointerException" message="Cannot invoke &amp;quot;pages.BuyOnlinePlan.getUrl()&amp;quot; because &amp;quot;this.buyonline&amp;quot; is null">
      <![CDATA[java.lang.NullPointerException: Cannot invoke "pages.BuyOnlinePlan.getUrl()" because "this.buyonline" is null
at testclasses.onlinePlanVerificationTest.verifyUrl(onlinePlanVerificationTest.java:19)
at java.base/java.util.ArrayList.forEach(ArrayList.java:1511)
... Removed 27 stack frames]]>
    </failure>
  </testcase> <!-- verifyUrl -->
</testsuite> <!-- Test(failed) -->
