<?xml version="1.0" encoding="UTF-8"?>
<testng-results ignored="0" total="2" passed="2" failed="0" skipped="0">
  <reporter-output>
  </reporter-output>
  <suite started-at="2022-11-29T00:59:52 IST" name="Default suite" finished-at="2022-11-29T01:00:35 IST" duration-ms="43267">
    <groups>
    </groups>
    <test started-at="2022-11-29T00:59:52 IST" name="Default test" finished-at="2022-11-29T01:00:35 IST" duration-ms="43267">
      <class name="testngdiscus.Assignment">
        <test-method signature="verifywiki()[pri:1, instance:testngdiscus.Assignment@5b03b9fe]" started-at="2022-11-29T00:59:52 IST" name="verifywiki" finished-at="2022-11-29T01:00:05 IST" duration-ms="13222" status="PASS">
          <reporter-output>
          </reporter-output>
        </test-method> <!-- verifywiki -->
        <test-method signature="verifyImdb()[pri:2, instance:testngdiscus.Assignment@5b03b9fe]" started-at="2022-11-29T01:00:05 IST" name="verifyImdb" finished-at="2022-11-29T01:00:35 IST" duration-ms="29961" status="PASS">
          <reporter-output>
          </reporter-output>
        </test-method> <!-- verifyImdb -->
      </class> <!-- testngdiscus.Assignment -->
    </test> <!-- Default test -->
  </suite> <!-- Default suite -->
</testng-results>
